Iniciando testes!
################################Repeticao aleatoria################################################################

-------------------------Repeticao 1 de 10 -----------------------------------------------

Execucao Bitonic Sort

--Execucao java paralelo


-------------------------Repeticao 2 de 10 -----------------------------------------------

Execucao Bitonic Sort

--Execucao java paralelo


-------------------------Repeticao 3 de 10 -----------------------------------------------

Execucao Bitonic Sort

--Execucao java paralelo


-------------------------Repeticao 4 de 10 -----------------------------------------------

Execucao Bitonic Sort

--Execucao java paralelo


-------------------------Repeticao 5 de 10 -----------------------------------------------

Execucao Bitonic Sort

--Execucao java paralelo


-------------------------Repeticao 6 de 10 -----------------------------------------------

Execucao Bitonic Sort

--Execucao java paralelo


-------------------------Repeticao 7 de 10 -----------------------------------------------

Execucao Bitonic Sort

--Execucao java paralelo


-------------------------Repeticao 8 de 10 -----------------------------------------------

Execucao Bitonic Sort

--Execucao java paralelo


-------------------------Repeticao 9 de 10 -----------------------------------------------

Execucao Bitonic Sort

--Execucao java paralelo


-------------------------Repeticao 10 de 10 -----------------------------------------------

Execucao Bitonic Sort

--Execucao java paralelo

################################Repeticao inversa #################################################################

-------------------------Repeticao 1 de 10 -----------------------------------------------

Execucao Bitonic Sort

--Execucao java paralelo


-------------------------Repeticao 2 de 10 -----------------------------------------------

Execucao Bitonic Sort

--Execucao java paralelo


-------------------------Repeticao 3 de 10 -----------------------------------------------

Execucao Bitonic Sort

--Execucao java paralelo


-------------------------Repeticao 4 de 10 -----------------------------------------------

Execucao Bitonic Sort

--Execucao java paralelo


-------------------------Repeticao 5 de 10 -----------------------------------------------

Execucao Bitonic Sort

--Execucao java paralelo


-------------------------Repeticao 6 de 10 -----------------------------------------------

Execucao Bitonic Sort

--Execucao java paralelo


-------------------------Repeticao 7 de 10 -----------------------------------------------

Execucao Bitonic Sort

--Execucao java paralelo


-------------------------Repeticao 8 de 10 -----------------------------------------------

Execucao Bitonic Sort

--Execucao java paralelo


-------------------------Repeticao 9 de 10 -----------------------------------------------

Execucao Bitonic Sort

--Execucao java paralelo


-------------------------Repeticao 10 de 10 -----------------------------------------------

Execucao Bitonic Sort

--Execucao java paralelo

